<?xml version="1.0" encoding="UTF-8"?>
<!-- Generated by org.testng.reporters.JUnitXMLReporter -->
<testsuite ignored="0" hostname="DESKTOP-FN7PO88" failures="0" tests="5" name="TestRunner-Firefox" time="181.552" errors="0" timestamp="2024-09-23T04:04:10 PDT">
  <testcase classname="com.comsand.ecommtest.AddproducttoCartTest" name="Tocheckorderhistory" time="9.12"/>
  <testcase classname="com.comsand.ecommtest.PurchaseproductWithcashonDeliveryTest" name="purchaseProductWithCashOndelivertTest" time="11.589"/>
  <testcase classname="com.comsand.ecommtest.RemoveproductfromwishlistTest" name="Tracktheorder" time="4.065"/>
  <testcase classname="com.comsand.ecommtest.AddingmultipleproducttocartTest" name="addingMultipleproductotocart" time="7.982"/>
  <testcase classname="com.comsand.ecommtest.RemoveProductFromCartTest" name="RemoveproductFromCart" time="6.682"/>
</testsuite> <!-- TestRunner-Firefox -->
