<?xml version="1.0" encoding="UTF-8"?>
<!-- Generated by org.testng.reporters.JUnitXMLReporter -->
<testsuite ignored="0" hostname="DESKTOP-FN7PO88" failures="0" tests="2" name="Test2" time="80.876" errors="0" timestamp="2024-09-23T03:35:38 PDT">
  <testcase classname="com.comsand.ecommtest.AddingmultipleproducttocartTest" name="addingMultipleproductotocart" time="8.199"/>
  <testcase classname="com.comsand.ecommtest.RemoveProductFromCartTest" name="RemoveproductFromCart" time="5.515"/>
</testsuite> <!-- Test2 -->
