<?xml version="1.0" encoding="UTF-8"?>
<!-- Generated by org.testng.reporters.JUnitXMLReporter -->
<testsuite ignored="0" hostname="DESKTOP-FN7PO88" failures="0" tests="3" name="Test1" time="116.03" errors="0" timestamp="2024-09-23T03:36:13 PDT">
  <testcase classname="com.comsand.ecommtest.AddproducttoCartTest" name="Tocheckorderhistory" time="6.088"/>
  <testcase classname="com.comsand.ecommtest.PurchaseproductWithcashonDeliveryTest" name="purchaseProductWithCashOndelivertTest" time="24.362"/>
  <testcase classname="com.comsand.ecommtest.RemoveproductfromwishlistTest" name="Tracktheorder" time="7.897"/>
</testsuite> <!-- Test1 -->
